This is pdfTeX, Version 3.141592653-2.6-1.40.25 (TeX Live 2023) (preloaded format=latex 2023.6.20)  20 JUN 2023 09:28
entering extended mode
 restricted \write18 enabled.
 %&-line parsing enabled.
**fontawesomesymbols-xeluatex.tex
(./fontawesomesymbols-xeluatex.tex
LaTeX2e <2023-06-01> patch level 1
L3 programming layer <2023-06-16>
)
! Emergency stop.
<*> fontawesomesymbols-xeluatex.tex
                                   
*** (job aborted, no legal \end found)

 
Here is how much of TeX's memory you used:
 1471 strings out of 475724
 19696 string characters out of 5781869
 1851766 words of memory out of 5000000
 22328 multiletter control sequences out of 15000+600000
 513387 words of font info for 34 fonts, out of 8000000 for 9000
 1141 hyphenation exceptions out of 8191
 13i,0n,12p,210b,9s stack positions out of 10000i,1000n,20000p,200000b,200000s
No pages of output.
